2022-03-08 23:25:35 WARN  PageNotFound:1161 - No mapping found for HTTP request with URI [/theatre/swagger-ui.html] in DispatcherServlet with name 'dispatcher'
2022-03-08 23:25:43 WARN  PageNotFound:1161 - No mapping found for HTTP request with URI [/theatre/] in DispatcherServlet with name 'dispatcher'
2022-03-08 23:27:16 WARN  PageNotFound:1161 - No mapping found for HTTP request with URI [/theatre/] in DispatcherServlet with name 'dispatcher'
2022-03-08 23:27:41 WARN  PageNotFound:1161 - No mapping found for HTTP request with URI [/theatre/] in DispatcherServlet with name 'dispatcher'
2022-03-08 23:27:48 WARN  PageNotFound:1161 - No mapping found for HTTP request with URI [/theatre/] in DispatcherServlet with name 'dispatcher'
2022-03-08 23:27:57 WARN  PageNotFound:1161 - No mapping found for HTTP request with URI [/theatre/swagger-ui.htm;] in DispatcherServlet with name 'dispatcher'
2022-03-08 23:28:00 WARN  PageNotFound:1161 - No mapping found for HTTP request with URI [/theatre/swagger-ui.html] in DispatcherServlet with name 'dispatcher'
2022-03-08 23:35:36 WARN  JdbcEnvironmentInitiator:132 - HHH000342: Could not obtain connection to query metadata : Cannot create PoolableConnectionFactory (Unknown database 'theatre')
2022-03-08 23:35:36 WARN  SqlExceptionHelper:137 - SQL Error: 0, SQLState: null
2022-03-08 23:35:36 ERROR SqlExceptionHelper:142 - Cannot create PoolableConnectionFactory (Unknown database 'theatre')
2022-03-08 23:35:36 WARN  AnnotationConfigWebApplicationContext:550 - Exception encountered during context initialization - cancelling refresh attempt: org.springframework.beans.factory.BeanCreationException: Error creating bean with name 'entityManagerFactory' defined in class path resource [com/personal/project/theatre/config/DbConfig.class]: Invocation of init method failed; nested exception is javax.persistence.PersistenceException: [PersistenceUnit: default] Unable to build Hibernate SessionFactory
2022-03-08 23:35:36 ERROR DispatcherServlet:502 - Context initialization failed
org.springframework.beans.factory.BeanCreationException: Error creating bean with name 'entityManagerFactory' defined in class path resource [com/personal/project/theatre/config/DbConfig.class]: Invocation of init method failed; nested exception is javax.persistence.PersistenceException: [PersistenceUnit: default] Unable to build Hibernate SessionFactory
	at org.springframework.beans.factory.support.AbstractAutowireCapableBeanFactory.initializeBean(AbstractAutowireCapableBeanFactory.java:1628)
	at org.springframework.beans.factory.support.AbstractAutowireCapableBeanFactory.doCreateBean(AbstractAutowireCapableBeanFactory.java:555)
	at org.springframework.beans.factory.support.AbstractAutowireCapableBeanFactory.createBean(AbstractAutowireCapableBeanFactory.java:483)
	at org.springframework.beans.factory.support.AbstractBeanFactory$1.getObject(AbstractBeanFactory.java:306)
	at org.springframework.beans.factory.support.DefaultSingletonBeanRegistry.getSingleton(DefaultSingletonBeanRegistry.java:230)
	at org.springframework.beans.factory.support.AbstractBeanFactory.doGetBean(AbstractBeanFactory.java:302)
	at org.springframework.beans.factory.support.AbstractBeanFactory.getBean(AbstractBeanFactory.java:197)
	at org.springframework.context.support.AbstractApplicationContext.getBean(AbstractApplicationContext.java:1081)
	at org.springframework.context.support.AbstractApplicationContext.finishBeanFactoryInitialization(AbstractApplicationContext.java:856)
	at org.springframework.context.support.AbstractApplicationContext.refresh(AbstractApplicationContext.java:542)
	at org.springframework.web.servlet.FrameworkServlet.configureAndRefreshWebApplicationContext(FrameworkServlet.java:668)
	at org.springframework.web.servlet.FrameworkServlet.initWebApplicationContext(FrameworkServlet.java:540)
	at org.springframework.web.servlet.FrameworkServlet.initServletBean(FrameworkServlet.java:494)
	at org.springframework.web.servlet.HttpServletBean.init(HttpServletBean.java:136)
	at javax.servlet.GenericServlet.init(GenericServlet.java:244)
	at org.eclipse.jetty.servlet.ServletHolder.initServlet(ServletHolder.java:599)
	at org.eclipse.jetty.servlet.ServletHolder.initialize(ServletHolder.java:425)
	at org.eclipse.jetty.servlet.ServletHandler.lambda$initialize$0(ServletHandler.java:751)
	at java.util.stream.SortedOps$SizedRefSortingSink.end(SortedOps.java:357)
	at java.util.stream.AbstractPipeline.copyInto(AbstractPipeline.java:483)
	at java.util.stream.AbstractPipeline.wrapAndCopyInto(AbstractPipeline.java:472)
	at java.util.stream.StreamSpliterators$WrappingSpliterator.forEachRemaining(StreamSpliterators.java:313)
	at java.util.stream.Streams$ConcatSpliterator.forEachRemaining(Streams.java:743)
	at java.util.stream.Streams$ConcatSpliterator.forEachRemaining(Streams.java:742)
	at java.util.stream.ReferencePipeline$Head.forEach(ReferencePipeline.java:647)
	at org.eclipse.jetty.servlet.ServletHandler.initialize(ServletHandler.java:744)
	at org.eclipse.jetty.servlet.ServletContextHandler.startContext(ServletContextHandler.java:361)
	at org.eclipse.jetty.webapp.WebAppContext.startWebapp(WebAppContext.java:1443)
	at org.eclipse.jetty.maven.plugin.JettyWebAppContext.startWebapp(JettyWebAppContext.java:328)
	at org.eclipse.jetty.webapp.WebAppContext.startContext(WebAppContext.java:1407)
	at org.eclipse.jetty.server.handler.ContextHandler.doStart(ContextHandler.java:821)
	at org.eclipse.jetty.servlet.ServletContextHandler.doStart(ServletContextHandler.java:276)
	at org.eclipse.jetty.webapp.WebAppContext.doStart(WebAppContext.java:524)
	at org.eclipse.jetty.maven.plugin.JettyWebAppContext.doStart(JettyWebAppContext.java:397)
	at org.eclipse.jetty.util.component.AbstractLifeCycle.start(AbstractLifeCycle.java:72)
	at org.eclipse.jetty.util.component.ContainerLifeCycle.start(ContainerLifeCycle.java:169)
	at org.eclipse.jetty.util.component.ContainerLifeCycle.doStart(ContainerLifeCycle.java:117)
	at org.eclipse.jetty.server.handler.AbstractHandler.doStart(AbstractHandler.java:106)
	at org.eclipse.jetty.util.component.AbstractLifeCycle.start(AbstractLifeCycle.java:72)
	at org.eclipse.jetty.util.component.ContainerLifeCycle.start(ContainerLifeCycle.java:169)
	at org.eclipse.jetty.util.component.ContainerLifeCycle.doStart(ContainerLifeCycle.java:117)
	at org.eclipse.jetty.server.handler.AbstractHandler.doStart(AbstractHandler.java:106)
	at org.eclipse.jetty.util.component.AbstractLifeCycle.start(AbstractLifeCycle.java:72)
	at org.eclipse.jetty.util.component.ContainerLifeCycle.start(ContainerLifeCycle.java:169)
	at org.eclipse.jetty.server.Server.start(Server.java:407)
	at org.eclipse.jetty.util.component.ContainerLifeCycle.doStart(ContainerLifeCycle.java:110)
	at org.eclipse.jetty.server.handler.AbstractHandler.doStart(AbstractHandler.java:106)
	at org.eclipse.jetty.server.Server.doStart(Server.java:371)
	at org.eclipse.jetty.util.component.AbstractLifeCycle.start(AbstractLifeCycle.java:72)
	at org.eclipse.jetty.maven.plugin.AbstractJettyMojo.startJetty(AbstractJettyMojo.java:449)
	at org.eclipse.jetty.maven.plugin.AbstractJettyMojo.execute(AbstractJettyMojo.java:310)
	at org.eclipse.jetty.maven.plugin.JettyRunMojo.execute(JettyRunMojo.java:155)
	at org.apache.maven.plugin.DefaultBuildPluginManager.executeMojo(DefaultBuildPluginManager.java:137)
	at org.apache.maven.lifecycle.internal.MojoExecutor.execute(MojoExecutor.java:210)
	at org.apache.maven.lifecycle.internal.MojoExecutor.execute(MojoExecutor.java:156)
	at org.apache.maven.lifecycle.internal.MojoExecutor.execute(MojoExecutor.java:148)
	at org.apache.maven.lifecycle.internal.LifecycleModuleBuilder.buildProject(LifecycleModuleBuilder.java:117)
	at org.apache.maven.lifecycle.internal.LifecycleModuleBuilder.buildProject(LifecycleModuleBuilder.java:81)
	at org.apache.maven.lifecycle.internal.builder.singlethreaded.SingleThreadedBuilder.build(SingleThreadedBuilder.java:56)
	at org.apache.maven.lifecycle.internal.LifecycleStarter.execute(LifecycleStarter.java:128)
	at org.apache.maven.DefaultMaven.doExecute(DefaultMaven.java:305)
	at org.apache.maven.DefaultMaven.doExecute(DefaultMaven.java:192)
	at org.apache.maven.DefaultMaven.execute(DefaultMaven.java:105)
	at org.apache.maven.cli.MavenCli.execute(MavenCli.java:957)
	at org.apache.maven.cli.MavenCli.doMain(MavenCli.java:289)
	at org.apache.maven.cli.MavenCli.main(MavenCli.java:193)
	at sun.reflect.NativeMethodAccessorImpl.invoke0(Native Method)
	at sun.reflect.NativeMethodAccessorImpl.invoke(NativeMethodAccessorImpl.java:62)
	at sun.reflect.DelegatingMethodAccessorImpl.invoke(DelegatingMethodAccessorImpl.java:43)
	at java.lang.reflect.Method.invoke(Method.java:498)
	at org.codehaus.plexus.classworlds.launcher.Launcher.launchEnhanced(Launcher.java:282)
	at org.codehaus.plexus.classworlds.launcher.Launcher.launch(Launcher.java:225)
	at org.codehaus.plexus.classworlds.launcher.Launcher.mainWithExitCode(Launcher.java:406)
	at org.codehaus.plexus.classworlds.launcher.Launcher.main(Launcher.java:347)
Caused by: javax.persistence.PersistenceException: [PersistenceUnit: default] Unable to build Hibernate SessionFactory
	at org.hibernate.jpa.boot.internal.EntityManagerFactoryBuilderImpl.persistenceException(EntityManagerFactoryBuilderImpl.java:1015)
	at org.hibernate.jpa.boot.internal.EntityManagerFactoryBuilderImpl.build(EntityManagerFactoryBuilderImpl.java:941)
	at org.springframework.orm.jpa.vendor.SpringHibernateJpaPersistenceProvider.createContainerEntityManagerFactory(SpringHibernateJpaPersistenceProvider.java:60)
	at org.springframework.orm.jpa.LocalContainerEntityManagerFactoryBean.createNativeEntityManagerFactory(LocalContainerEntityManagerFactoryBean.java:353)
	at org.springframework.orm.jpa.AbstractEntityManagerFactoryBean.buildNativeEntityManagerFactory(AbstractEntityManagerFactoryBean.java:373)
	at org.springframework.orm.jpa.AbstractEntityManagerFactoryBean.afterPropertiesSet(AbstractEntityManagerFactoryBean.java:362)
	at org.springframework.beans.factory.support.AbstractAutowireCapableBeanFactory.invokeInitMethods(AbstractAutowireCapableBeanFactory.java:1687)
	at org.springframework.beans.factory.support.AbstractAutowireCapableBeanFactory.initializeBean(AbstractAutowireCapableBeanFactory.java:1624)
	... 73 more
Caused by: org.hibernate.exception.GenericJDBCException: Unable to open JDBC Connection for DDL execution
	at org.hibernate.exception.internal.StandardSQLExceptionConverter.convert(StandardSQLExceptionConverter.java:47)
	at org.hibernate.engine.jdbc.spi.SqlExceptionHelper.convert(SqlExceptionHelper.java:113)
	at org.hibernate.engine.jdbc.spi.SqlExceptionHelper.convert(SqlExceptionHelper.java:99)
	at org.hibernate.resource.transaction.backend.jdbc.internal.DdlTransactionIsolatorNonJtaImpl.getIsolatedConnection(DdlTransactionIsolatorNonJtaImpl.java:69)
	at org.hibernate.tool.schema.internal.exec.ImprovedExtractionContextImpl.getJdbcConnection(ImprovedExtractionContextImpl.java:60)
	at org.hibernate.tool.schema.internal.exec.ImprovedExtractionContextImpl.getJdbcDatabaseMetaData(ImprovedExtractionContextImpl.java:67)
	at org.hibernate.tool.schema.extract.internal.InformationExtractorJdbcDatabaseMetaDataImpl.getTables(InformationExtractorJdbcDatabaseMetaDataImpl.java:329)
	at org.hibernate.tool.schema.extract.internal.DatabaseInformationImpl.getTablesInformation(DatabaseInformationImpl.java:120)
	at org.hibernate.tool.schema.internal.GroupedSchemaMigratorImpl.performTablesMigration(GroupedSchemaMigratorImpl.java:65)
	at org.hibernate.tool.schema.internal.AbstractSchemaMigrator.performMigration(AbstractSchemaMigrator.java:207)
	at org.hibernate.tool.schema.internal.AbstractSchemaMigrator.doMigration(AbstractSchemaMigrator.java:114)
	at org.hibernate.tool.schema.spi.SchemaManagementToolCoordinator.performDatabaseAction(SchemaManagementToolCoordinator.java:183)
	at org.hibernate.tool.schema.spi.SchemaManagementToolCoordinator.process(SchemaManagementToolCoordinator.java:72)
	at org.hibernate.internal.SessionFactoryImpl.<init>(SessionFactoryImpl.java:309)
	at org.hibernate.boot.internal.SessionFactoryBuilderImpl.build(SessionFactoryBuilderImpl.java:462)
	at org.hibernate.jpa.boot.internal.EntityManagerFactoryBuilderImpl.build(EntityManagerFactoryBuilderImpl.java:938)
	... 79 more
Caused by: org.apache.commons.dbcp.SQLNestedException: Cannot create PoolableConnectionFactory (Unknown database 'theatre')
	at org.apache.commons.dbcp.BasicDataSource.createPoolableConnectionFactory(BasicDataSource.java:1549)
	at org.apache.commons.dbcp.BasicDataSource.createDataSource(BasicDataSource.java:1388)
	at org.apache.commons.dbcp.BasicDataSource.getConnection(BasicDataSource.java:1044)
	at org.hibernate.engine.jdbc.connections.internal.DatasourceConnectionProviderImpl.getConnection(DatasourceConnectionProviderImpl.java:122)
	at org.hibernate.engine.jdbc.env.internal.JdbcEnvironmentInitiator$ConnectionProviderJdbcConnectionAccess.obtainConnection(JdbcEnvironmentInitiator.java:180)
	at org.hibernate.resource.transaction.backend.jdbc.internal.DdlTransactionIsolatorNonJtaImpl.getIsolatedConnection(DdlTransactionIsolatorNonJtaImpl.java:43)
	... 91 more
Caused by: java.sql.SQLSyntaxErrorException: Unknown database 'theatre'
	at com.mysql.cj.jdbc.exceptions.SQLError.createSQLException(SQLError.java:120)
	at com.mysql.cj.jdbc.exceptions.SQLError.createSQLException(SQLError.java:97)
	at com.mysql.cj.jdbc.exceptions.SQLExceptionsMapping.translateException(SQLExceptionsMapping.java:122)
	at com.mysql.cj.jdbc.ConnectionImpl.createNewIO(ConnectionImpl.java:827)
	at com.mysql.cj.jdbc.ConnectionImpl.<init>(ConnectionImpl.java:447)
	at com.mysql.cj.jdbc.ConnectionImpl.getInstance(ConnectionImpl.java:237)
	at com.mysql.cj.jdbc.NonRegisteringDriver.connect(NonRegisteringDriver.java:199)
	at org.apache.commons.dbcp.DriverConnectionFactory.createConnection(DriverConnectionFactory.java:38)
	at org.apache.commons.dbcp.PoolableConnectionFactory.makeObject(PoolableConnectionFactory.java:582)
	at org.apache.commons.dbcp.BasicDataSource.validateConnectionFactory(BasicDataSource.java:1556)
	at org.apache.commons.dbcp.BasicDataSource.createPoolableConnectionFactory(BasicDataSource.java:1545)
	... 96 more
2022-03-08 23:47:38 WARN  SqlExceptionHelper:137 - SQL Error: 1062, SQLState: 23000
2022-03-08 23:47:38 ERROR SqlExceptionHelper:142 - Duplicate entry '100001' for key 'theatre.PRIMARY'
2022-03-08 23:47:38 ERROR ExceptionMapperStandardImpl:39 - HHH000346: Error during managed flush [org.hibernate.exception.ConstraintViolationException: could not execute statement]
